This is pdfTeX, Version 3.141592653-2.6-1.40.22 (TeX Live 2022/dev/Debian) (preloaded format=pdflatex 2024.7.2)  2 JUL 2024 18:08
entering extended mode
 restricted \write18 enabled.
 %&-line parsing enabled.
**Lab5AV.tex
(./Lab5AV.tex
LaTeX2e <2021-11-15> patch level 1
L3 programming layer <2022-01-21>
(/usr/share/texlive/texmf-dist/tex/latex/base/article.cls
Document Class: article 2021/10/04 v1.4n Standard LaTeX document class
(/usr/share/texlive/texmf-dist/tex/latex/base/size10.clo
File: size10.clo 2021/10/04 v1.4n Standard LaTeX file (size option)
)
\c@part=\count185
\c@section=\count186
\c@subsection=\count187
\c@subsubsection=\count188
\c@paragraph=\count189
\c@subparagraph=\count190
\c@figure=\count191
\c@table=\count192
\abovecaptionskip=\skip47
\belowcaptionskip=\skip48
\bibindent=\dimen138
)
(/usr/share/texlive/texmf-dist/tex/latex/amsmath/amsmath.sty
Package: amsmath 2021/10/15 v2.17l AMS math features
\@mathmargin=\skip49

For additional information on amsmath, use the `?' option.
(/usr/share/texlive/texmf-dist/tex/latex/amsmath/amstext.sty
Package: amstext 2021/08/26 v2.01 AMS text

(/usr/share/texlive/texmf-dist/tex/latex/amsmath/amsgen.sty
File: amsgen.sty 1999/11/30 v2.0 generic functions
\@emptytoks=\toks16
\ex@=\dimen139
))
(/usr/share/texlive/texmf-dist/tex/latex/amsmath/amsbsy.sty
Package: amsbsy 1999/11/29 v1.2d Bold Symbols
\pmbraise@=\dimen140
)
(/usr/share/texlive/texmf-dist/tex/latex/amsmath/amsopn.sty
Package: amsopn 2021/08/26 v2.02 operator names
)
\inf@bad=\count193
LaTeX Info: Redefining \frac on input line 234.
\uproot@=\count194
\leftroot@=\count195
LaTeX Info: Redefining \overline on input line 399.
\classnum@=\count196
\DOTSCASE@=\count197
LaTeX Info: Redefining \ldots on input line 496.
LaTeX Info: Redefining \dots on input line 499.
LaTeX Info: Redefining \cdots on input line 620.
\Mathstrutbox@=\box50
\strutbox@=\box51
\big@size=\dimen141
LaTeX Font Info:    Redeclaring font encoding OML on input line 743.
LaTeX Font Info:    Redeclaring font encoding OMS on input line 744.
\macc@depth=\count198
\c@MaxMatrixCols=\count199
\dotsspace@=\muskip16
\c@parentequation=\count266
\dspbrk@lvl=\count267
\tag@help=\toks17
\row@=\count268
\column@=\count269
\maxfields@=\count270
\andhelp@=\toks18
\eqnshift@=\dimen142
\alignsep@=\dimen143
\tagshift@=\dimen144
\tagwidth@=\dimen145
\totwidth@=\dimen146
\lineht@=\dimen147
\@envbody=\toks19
\multlinegap=\skip50
\multlinetaggap=\skip51
\mathdisplay@stack=\toks20
LaTeX Info: Redefining \[ on input line 2938.
LaTeX Info: Redefining \] on input line 2939.
)
(/usr/share/texlive/texmf-dist/tex/latex/graphics/graphicx.sty
Package: graphicx 2021/09/16 v1.2d Enhanced LaTeX Graphics (DPC,SPQR)

(/usr/share/texlive/texmf-dist/tex/latex/graphics/keyval.sty
Package: keyval 2014/10/28 v1.15 key=value parser (DPC)
\KV@toks@=\toks21
)
(/usr/share/texlive/texmf-dist/tex/latex/graphics/graphics.sty
Package: graphics 2021/03/04 v1.4d Standard LaTeX Graphics (DPC,SPQR)

(/usr/share/texlive/texmf-dist/tex/latex/graphics/trig.sty
Package: trig 2021/08/11 v1.11 sin cos tan (DPC)
)
(/usr/share/texlive/texmf-dist/tex/latex/graphics-cfg/graphics.cfg
File: graphics.cfg 2016/06/04 v1.11 sample graphics configuration
)
Package graphics Info: Driver file: pdftex.def on input line 107.

(/usr/share/texlive/texmf-dist/tex/latex/graphics-def/pdftex.def
File: pdftex.def 2020/10/05 v1.2a Graphics/color driver for pdftex
))
\Gin@req@height=\dimen148
\Gin@req@width=\dimen149
)
(/usr/share/texlive/texmf-dist/tex/latex/xcolor/xcolor.sty
Package: xcolor 2021/10/31 v2.13 LaTeX color extensions (UK)

(/usr/share/texlive/texmf-dist/tex/latex/graphics-cfg/color.cfg
File: color.cfg 2016/01/02 v1.6 sample color configuration
)
Package xcolor Info: Driver file: pdftex.def on input line 227.
Package xcolor Info: Model `cmy' substituted by `cmy0' on input line 1352.
Package xcolor Info: Model `hsb' substituted by `rgb' on input line 1356.
Package xcolor Info: Model `RGB' extended on input line 1368.
Package xcolor Info: Model `HTML' substituted by `rgb' on input line 1370.
Package xcolor Info: Model `Hsb' substituted by `hsb' on input line 1371.
Package xcolor Info: Model `tHsb' substituted by `hsb' on input line 1372.
Package xcolor Info: Model `HSB' substituted by `hsb' on input line 1373.
Package xcolor Info: Model `Gray' substituted by `gray' on input line 1374.
Package xcolor Info: Model `wave' substituted by `hsb' on input line 1375.
)
(/usr/share/texlive/texmf-dist/tex/latex/matlab-prettifier/matlab-prettifier.st
y
Package: matlab-prettifier 2014/06/19 v0.3 A package for prettyprinting Matlab 
source code
 (/usr/share/texlive/texmf-dist/tex/latex/base/textcomp.sty
Package: textcomp 2020/02/02 v2.0n Standard LaTeX package
)
(/usr/share/texlive/texmf-dist/tex/latex/listings/listings.sty
\lst@mode=\count271
\lst@gtempboxa=\box52
\lst@token=\toks22
\lst@length=\count272
\lst@currlwidth=\dimen150
\lst@column=\count273
\lst@pos=\count274
\lst@lostspace=\dimen151
\lst@width=\dimen152
\lst@newlines=\count275
\lst@lineno=\count276
\lst@maxwidth=\dimen153

(/usr/share/texlive/texmf-dist/tex/latex/listings/lstmisc.sty
File: lstmisc.sty 2020/03/24 1.8d (Carsten Heinz)
\c@lstnumber=\count277
\lst@skipnumbers=\count278
\lst@framebox=\box53
)
(/usr/share/texlive/texmf-dist/tex/latex/listings/listings.cfg
File: listings.cfg 2020/03/24 1.8d listings configuration
))
Package: listings 2020/03/24 1.8d (Carsten Heinz)
\netBracketCount@mlpr=\count279
\blkLvl@mlpr=\count280
\blkLvlAtClassdef@mlpr=\count281
\emHeight@mlpr=\skip52
\jayDepth@mlpr=\skip53
\sectionRuleOffset@mlpr=\skip54
\toks@mlpr=\toks23
)
(/usr/share/texlive/texmf-dist/tex/latex/l3backend/l3backend-pdftex.def
File: l3backend-pdftex.def 2022-01-12 L3 backend support: PDF output (pdfTeX)
\l__color_backend_stack_int=\count282
\l__pdf_internal_box=\box54
)
(./Lab5AV.aux)
\openout1 = `Lab5AV.aux'.

LaTeX Font Info:    Checking defaults for OML/cmm/m/it on input line 13.
LaTeX Font Info:    ... okay on input line 13.
LaTeX Font Info:    Checking defaults for OMS/cmsy/m/n on input line 13.
LaTeX Font Info:    ... okay on input line 13.
LaTeX Font Info:    Checking defaults for OT1/cmr/m/n on input line 13.
LaTeX Font Info:    ... okay on input line 13.
LaTeX Font Info:    Checking defaults for T1/cmr/m/n on input line 13.
LaTeX Font Info:    ... okay on input line 13.
LaTeX Font Info:    Checking defaults for TS1/cmr/m/n on input line 13.
LaTeX Font Info:    ... okay on input line 13.
LaTeX Font Info:    Checking defaults for OMX/cmex/m/n on input line 13.
LaTeX Font Info:    ... okay on input line 13.
LaTeX Font Info:    Checking defaults for U/cmr/m/n on input line 13.
LaTeX Font Info:    ... okay on input line 13.

(/usr/share/texlive/texmf-dist/tex/context/base/mkii/supp-pdf.mkii
[Loading MPS to PDF converter (version 2006.09.02).]
\scratchcounter=\count283
\scratchdimen=\dimen154
\scratchbox=\box55
\nofMPsegments=\count284
\nofMParguments=\count285
\everyMPshowfont=\toks24
\MPscratchCnt=\count286
\MPscratchDim=\dimen155
\MPnumerator=\count287
\makeMPintoPDFobject=\count288
\everyMPtoPDFconversion=\toks25
) (/usr/share/texlive/texmf-dist/tex/latex/epstopdf-pkg/epstopdf-base.sty
Package: epstopdf-base 2020-01-24 v2.11 Base part for package epstopdf
Package epstopdf-base Info: Redefining graphics rule for `.eps' on input line 4
85.

(/usr/share/texlive/texmf-dist/tex/latex/latexconfig/epstopdf-sys.cfg
File: epstopdf-sys.cfg 2010/07/13 v1.3 Configuration of (r)epstopdf for TeX Liv
e
))
\c@lstlisting=\count289

(./inputs.tex) (./outputs.tex) (./first_part.tex
Overfull \hbox (28.80455pt too wide) in paragraph at lines 2--3
\OT1/cmr/m/n/10 In this task, I must com-plete the or-thog-o-nal fac-tor-iza-ti
on func-tion (\OT1/cmr/bx/n/10 rigidfactorization
 []


Underfull \hbox (badness 10000) in paragraph at lines 2--3

 []

[1

{/var/lib/texmf/fonts/map/pdftex/updmap/pdftex.map}]
<images//T1/slide.jpg, id=17, 598.48593pt x 422.32782pt>
File: images//T1/slide.jpg Graphic file (type jpg)
<use images//T1/slide.jpg>
Package pdftex.def Info: images//T1/slide.jpg  used on input line 8.
(pdftex.def)             Requested size: 137.9979pt x 97.37823pt.

Underfull \hbox (badness 10000) in paragraph at lines 37--39

 []


Underfull \hbox (badness 10000) in paragraph at lines 40--41

 []


Underfull \hbox (badness 10000) in paragraph at lines 42--43

 []

[2 <./images//T1/slide.jpg>]
<images//T1/code.jpg, id=25, 512.41437pt x 515.42563pt>
File: images//T1/code.jpg Graphic file (type jpg)
<use images//T1/code.jpg>
Package pdftex.def Info: images//T1/code.jpg  used on input line 49.
(pdftex.def)             Requested size: 241.49895pt x 242.91858pt.
<images//T1/figure1.jpg, id=26, 843.15pt x 632.3625pt>
File: images//T1/figure1.jpg Graphic file (type jpg)
<use images//T1/figure1.jpg>
Package pdftex.def Info: images//T1/figure1.jpg  used on input line 64.
(pdftex.def)             Requested size: 137.9979pt x 103.49583pt.


LaTeX Warning: `h' float specifier changed to `ht'.

<images//T1/figure3.jpg, id=27, 843.15pt x 632.3625pt>
File: images//T1/figure3.jpg Graphic file (type jpg)
<use images//T1/figure3.jpg>
Package pdftex.def Info: images//T1/figure3.jpg  used on input line 71.
(pdftex.def)             Requested size: 137.9979pt x 103.49583pt.

LaTeX Warning: `h' float specifier changed to `ht'.

<images//T1/figure2.jpg, id=28, 843.15pt x 632.3625pt>
File: images//T1/figure2.jpg Graphic file (type jpg)
<use images//T1/figure2.jpg>
Package pdftex.def Info: images//T1/figure2.jpg  used on input line 78.
(pdftex.def)             Requested size: 137.9979pt x 103.49583pt.

LaTeX Warning: `h' float specifier changed to `ht'.

<images//T1/3derror.jpg, id=29, 152.57pt x 42.1575pt>
File: images//T1/3derror.jpg Graphic file (type jpg)
<use images//T1/3derror.jpg>
Package pdftex.def Info: images//T1/3derror.jpg  used on input line 85.
(pdftex.def)             Requested size: 137.9979pt x 38.13243pt.
) (./second_part.tex [3 <./images//T1/code.jpg>]

LaTeX Warning: `h' float specifier changed to `ht'.


Underfull \hbox (badness 10000) in paragraph at lines 8--16

 []

[4 <./images//T1/figure1.jpg> <./images//T1/figure3.jpg>]
<images//T2/slide.jpg, id=37, 596.2275pt x 422.32782pt>
File: images//T2/slide.jpg Graphic file (type jpg)
<use images//T2/slide.jpg>
Package pdftex.def Info: images//T2/slide.jpg  used on input line 21.
(pdftex.def)             Requested size: 137.9979pt x 97.74554pt.

Underfull \hbox (badness 10000) in paragraph at lines 27--28

 []


Underfull \hbox (badness 10000) in paragraph at lines 29--30

 []


Overfull \hbox (6.28848pt too wide) in paragraph at lines 34--36
[]\OT1/cmr/m/n/10 number of rows of $\OML/cmm/m/it/10 Dim\OT1/cmr/m/n/10 (\OML/
cmm/m/it/10 J[]\OT1/cmr/m/n/10 ) =$ []$2 [][](\OML/cmm/m/it/10 numberofpointsvi
sibleinframei\OT1/cmr/m/n/10 )$[] 
 []


Underfull \hbox (badness 10000) in paragraph at lines 43--44

 []

[5 <./images//T1/figure2.jpg> <./images//T1/3derror.jpg> <./images//T2/slide.jp
g>]
Underfull \hbox (badness 10000) in paragraph at lines 45--46

 []


Underfull \hbox (badness 10000) in paragraph at lines 47--48

 []


Underfull \hbox (badness 10000) in paragraph at lines 49--50

 []


Underfull \hbox (badness 10000) in paragraph at lines 51--52

 []


Underfull \hbox (badness 10000) in paragraph at lines 53--54

 []


Underfull \hbox (badness 10000) in paragraph at lines 55--56

 []


Underfull \hbox (badness 10000) in paragraph at lines 57--58

 []


Underfull \hbox (badness 10000) in paragraph at lines 59--60

 []


Underfull \hbox (badness 10000) in paragraph at lines 71--72

 []

[6]
Overfull \hbox (8.94693pt too wide) in paragraph at lines 83--84
\OT1/cmr/m/n/10 Now, the Ja-co-bian is cal-cu-lated for the con-stants $\OML/cm
m/m/it/10 L[]$ \OT1/cmr/m/n/10 part, where $\OML/cmm/m/it/10 L[] \OT1/cmr/m/n/1
0 = [\OML/cmm/m/it/10 l[]; l[]; []  ; l[]\OT1/cmr/m/n/10 ]$
 []


Underfull \hbox (badness 10000) in paragraph at lines 87--88

 []


Underfull \hbox (badness 10000) in paragraph at lines 98--99

 []


Underfull \hbox (badness 10000) in paragraph at lines 117--118

 []

[7]
<images//T2/J.jpg, id=49, 3854.4pt x 1986.42125pt>
File: images//T2/J.jpg Graphic file (type jpg)
<use images//T2/J.jpg>
Package pdftex.def Info: images//T2/J.jpg  used on input line 150.
(pdftex.def)             Requested size: 345.0pt x 177.80026pt.
 [8 <./images//T2/J.jpg>]
Underfull \hbox (badness 10000) in paragraph at lines 164--165

 []

<images//T2/coodinates2D.jpg, id=53, 843.15pt x 632.3625pt>
File: images//T2/coodinates2D.jpg Graphic file (type jpg)
<use images//T2/coodinates2D.jpg>
Package pdftex.def Info: images//T2/coodinates2D.jpg  used on input line 168.
(pdftex.def)             Requested size: 345.0pt x 258.74925pt.
<images//T2/coordinates3D.jpg, id=54, 1264.725pt x 1193.45876pt>
File: images//T2/coordinates3D.jpg Graphic file (type jpg)
<use images//T2/coordinates3D.jpg>
Package pdftex.def Info: images//T2/coordinates3D.jpg  used on input line 176.
(pdftex.def)             Requested size: 345.0pt x 325.55252pt.
<images//T2/steps.jpg, id=55, 542.025pt x 815.045pt>
File: images//T2/steps.jpg Graphic file (type jpg)
<use images//T2/steps.jpg>
Package pdftex.def Info: images//T2/steps.jpg  used on input line 183.
(pdftex.def)             Requested size: 345.0pt x 518.79147pt.
)

LaTeX Warning: `h' float specifier changed to `ht'.


LaTeX Warning: `h' float specifier changed to `ht'.

[9 <./images//T2/coodinates2D.jpg>] [10 <./images//T2/coordinates3D.jpg>]
[11 <./images//T2/steps.jpg>] (./Lab5AV.aux) ) 
Here is how much of TeX's memory you used:
 4573 strings out of 480129
 67121 string characters out of 5893410
 415273 words of memory out of 5000000
 22492 multiletter control sequences out of 15000+600000
 475752 words of font info for 51 fonts, out of 8000000 for 9000
 81 hyphenation exceptions out of 8191
 55i,9n,62p,443b,1737s stack positions out of 5000i,500n,10000p,200000b,80000s
 </home/iclinux/.texlive2021/texm
f-var/fonts/pk/ljfour/jknappen/ec/tcrm1000.600pk></usr/share/texlive/texmf-dist
/fonts/type1/public/amsfonts/cm/cmbx10.pfb></usr/share/texlive/texmf-dist/fonts
/type1/public/amsfonts/cm/cmbx12.pfb></usr/share/texlive/texmf-dist/fonts/type1
/public/amsfonts/cm/cmbx9.pfb></usr/share/texlive/texmf-dist/fonts/type1/public
/amsfonts/cm/cmex10.pfb></usr/share/texlive/texmf-dist/fonts/type1/public/amsfo
nts/cm/cmmi10.pfb></usr/share/texlive/texmf-dist/fonts/type1/public/amsfonts/cm
/cmmi5.pfb></usr/share/texlive/texmf-dist/fonts/type1/public/amsfonts/cm/cmmi7.
pfb></usr/share/texlive/texmf-dist/fonts/type1/public/amsfonts/cm/cmr10.pfb></u
sr/share/texlive/texmf-dist/fonts/type1/public/amsfonts/cm/cmr12.pfb></usr/shar
e/texlive/texmf-dist/fonts/type1/public/amsfonts/cm/cmr17.pfb></usr/share/texli
ve/texmf-dist/fonts/type1/public/amsfonts/cm/cmr5.pfb></usr/share/texlive/texmf
-dist/fonts/type1/public/amsfonts/cm/cmr7.pfb></usr/share/texlive/texmf-dist/fo
nts/type1/public/amsfonts/cm/cmr9.pfb></usr/share/texlive/texmf-dist/fonts/type
1/public/amsfonts/cm/cmsy10.pfb></usr/share/texlive/texmf-dist/fonts/type1/publ
ic/amsfonts/cm/cmsy7.pfb></usr/share/texlive/texmf-dist/fonts/type1/public/amsf
onts/cm/cmtt10.pfb>
Output written on Lab5AV.pdf (11 pages, 1435302 bytes).
PDF statistics:
 136 PDF objects out of 1000 (max. 8388607)
 78 compressed objects within 1 object stream
 0 named destinations out of 1000 (max. 500000)
 56 words of extra memory for PDF output out of 10000 (max. 10000000)

